Build started 9/18/2013 4:38:17 PM.
     1>Project "C:\develop\btgui\build3\vs2010\App_OpenGLWindow.vcxproj" on node 2 (build target(s)).
     1>InitializeBuildStatus:
         Creating "obj\x32\Debug\App_OpenGLWindow.unsuccessfulbuild" because "AlwaysCreate" was specified.
       ClCompile:
         C:\Program Files (x86)\Microsoft Visual Studio 10.0\VC\bin\CL.exe /c /I..\..\testbed3d /I..\..\btgui /I..\..\btgui\OpenGLWindow\GlewWindows /Zi /nologo /W3 /WX- /Od /Oy- /D _DEBUG=1 /D _HAS_EXCEPTIONS=0 /D GLEW_STATIC /D _MBCS /Gm- /RTC1 /MTd /GS /Gy /fp:fast /Zc:wchar_t /Zc:forScope /GR- /Fo"obj\x32\Debug\\" /Fd"..\..\bin\App_OpenGLWindow_vs2010_debug.pdb" /Gd /TC /analyze- /errorReport:prompt ..\..\btgui\OpenGLWindow\GlewWindows\glew.c /MP 
         glew.c
         C:\Program Files (x86)\Microsoft Visual Studio 10.0\VC\bin\CL.exe /c /I..\..\testbed3d /I..\..\btgui /I..\..\btgui\OpenGLWindow\GlewWindows /Zi /nologo /W3 /WX- /Od /Oy- /D _DEBUG=1 /D _HAS_EXCEPTIONS=0 /D GLEW_STATIC /D _MBCS /Gm- /RTC1 /MTd /GS /Gy /fp:fast /Zc:wchar_t /Zc:forScope /GR- /Fo"obj\x32\Debug\\" /Fd"..\..\bin\App_OpenGLWindow_vs2010_debug.pdb" /Gd /TP /analyze- /errorReport:prompt ..\..\testbed3d\main.cpp ..\..\testbed3d\SimpleOpenGL3App.cpp ..\..\btgui\FontFiles\OpenSans.cpp ..\..\btgui\OpenGLWindow\TwFonts.cpp ..\..\btgui\OpenGLWindow\LoadShader.cpp ..\..\btgui\OpenGLWindow\GLPrimitiveRenderer.cpp ..\..\btgui\OpenGLWindow\GLInstancingRenderer.cpp ..\..\btgui\OpenGLWindow\GLRenderToTexture.cpp ..\..\btgui\OpenGLTrueTypeFont\fontstash.cpp ..\..\btgui\OpenGLTrueTypeFont\opengl_fontstashcallbacks.cpp ..\..\btgui\Bullet3Common\b3AlignedAllocator.cpp ..\..\btgui\Bullet3Common\b3Logging.cpp ..\..\btgui\Bullet3Common\b3Vector3.cpp ..\..\btgui\Timing\b3Clock.cpp ..\..\btgui\OpenGLWindow\Win32OpenGLWindow.cpp ..\..\btgui\OpenGLWindow\Win32Window.cpp /MP 
         main.cpp
         SimpleOpenGL3App.cpp
         OpenSans.cpp
         TwFonts.cpp
         LoadShader.cpp
         GLPrimitiveRenderer.cpp
         GLInstancingRenderer.cpp
         GLRenderToTexture.cpp
     1>..\..\btgui\OpenGLWindow\GLPrimitiveRenderer.cpp(266): warning C4244: 'argument' : conversion from 'double' to 'float', possible loss of data
     1>..\..\btgui\OpenGLWindow\GLPrimitiveRenderer.cpp(266): warning C4244: 'argument' : conversion from 'double' to 'float', possible loss of data
     1>..\..\btgui\OpenGLWindow\GLPrimitiveRenderer.cpp(267): warning C4244: 'argument' : conversion from 'double' to 'float', possible loss of data
     1>..\..\btgui\OpenGLWindow\GLPrimitiveRenderer.cpp(267): warning C4244: 'argument' : conversion from 'double' to 'float', possible loss of data
     1>..\..\btgui\OpenGLWindow\GLPrimitiveRenderer.cpp(268): warning C4244: 'argument' : conversion from 'double' to 'float', possible loss of data
     1>..\..\btgui\OpenGLWindow\GLPrimitiveRenderer.cpp(268): warning C4244: 'argument' : conversion from 'double' to 'float', possible loss of data
     1>..\..\btgui\OpenGLWindow\GLPrimitiveRenderer.cpp(269): warning C4244: 'argument' : conversion from 'double' to 'float', possible loss of data
     1>..\..\btgui\OpenGLWindow\GLPrimitiveRenderer.cpp(269): warning C4244: 'argument' : conversion from 'double' to 'float', possible loss of data
         fontstash.cpp
         opengl_fontstashcallbacks.cpp
     1>..\..\testbed3d\SimpleOpenGL3App.cpp(34): warning C4244: 'argument' : conversion from 'float' to 'int', possible loss of data
     1>..\..\testbed3d\SimpleOpenGL3App.cpp(34): warning C4244: 'argument' : conversion from 'float' to 'int', possible loss of data
     1>..\..\testbed3d\SimpleOpenGL3App.cpp(35): warning C4244: 'argument' : conversion from 'float' to 'int', possible loss of data
     1>..\..\testbed3d\SimpleOpenGL3App.cpp(35): warning C4244: 'argument' : conversion from 'float' to 'int', possible loss of data
     1>..\..\testbed3d\SimpleOpenGL3App.cpp(158): warning C4244: 'argument' : conversion from 'int' to 'float', possible loss of data
     1>..\..\testbed3d\SimpleOpenGL3App.cpp(158): warning C4244: 'argument' : conversion from 'int' to 'float', possible loss of data
     1>..\..\testbed3d\SimpleOpenGL3App.cpp(158): warning C4244: 'argument' : conversion from 'int' to 'float', possible loss of data
     1>..\..\testbed3d\SimpleOpenGL3App.cpp(158): warning C4244: 'argument' : conversion from 'int' to 'float', possible loss of data
     1>..\..\testbed3d\SimpleOpenGL3App.cpp(107): warning C4101: 'dx' : unreferenced local variable
     1>..\..\btgui\OpenGLWindow\GLInstancingRenderer.cpp(178): warning C4244: '-=' : conversion from 'double' to 'float', possible loss of data
     1>..\..\btgui\OpenGLWindow\GLInstancingRenderer.cpp(234): warning C4244: '-=' : conversion from 'double' to 'float', possible loss of data
     1>..\..\btgui\OpenGLWindow\GLInstancingRenderer.cpp(235): warning C4244: '-=' : conversion from 'double' to 'float', possible loss of data
         b3AlignedAllocator.cpp
     1>..\..\btgui\OpenGLWindow\GLInstancingRenderer.cpp(1173): warning C4101: 'rightOffset' : unreferenced local variable
     1>..\..\btgui\OpenGLWindow\GLInstancingRenderer.cpp(1238): warning C4244: '=' : conversion from 'float' to 'char', possible loss of data
     1>..\..\btgui\OpenGLWindow\GLInstancingRenderer.cpp(1239): warning C4244: '=' : conversion from 'float' to 'char', possible loss of data
     1>..\..\btgui\OpenGLWindow\GLInstancingRenderer.cpp(1240): warning C4244: '=' : conversion from 'float' to 'char', possible loss of data
     1>..\..\btgui\OpenGLWindow\GLInstancingRenderer.cpp(1241): warning C4309: '=' : truncation of constant value
     1>..\..\btgui\OpenGLWindow\GLInstancingRenderer.cpp(1521): warning C4244: 'argument' : conversion from 'float' to 'GLsizei', possible loss of data
     1>..\..\btgui\OpenGLWindow\GLInstancingRenderer.cpp(1521): warning C4244: 'argument' : conversion from 'float' to 'GLsizei', possible loss of data
     1>..\..\btgui\OpenGLWindow\GLInstancingRenderer.cpp(1536): warning C4244: 'argument' : conversion from 'float' to 'int', possible loss of data
     1>..\..\btgui\OpenGLWindow\GLInstancingRenderer.cpp(1536): warning C4244: 'argument' : conversion from 'float' to 'int', possible loss of data
     1>..\..\btgui\OpenGLWindow\GLInstancingRenderer.cpp(1539): warning C4244: 'argument' : conversion from 'float' to 'GLsizei', possible loss of data
     1>..\..\btgui\OpenGLWindow\GLInstancingRenderer.cpp(1539): warning C4244: 'argument' : conversion from 'float' to 'GLsizei', possible loss of data
     1>..\..\btgui\OpenGLWindow\GLInstancingRenderer.cpp(1699): warning C4244: 'argument' : conversion from 'int' to 'GLfloat', possible loss of data
         b3Logging.cpp
     1>c:\develop\btgui\btgui\opengltruetypefont\stb_image_write.h(156): warning C4996: 'fopen': This function or variable may be unsafe. Consider using fopen_s instead. To disable deprecation, use _CRT_SECURE_NO_WARNINGS. See online help for details.
                 C:\Program Files (x86)\Microsoft Visual Studio 10.0\VC\include\stdio.h(234) : see declaration of 'fopen'
         b3Vector3.cpp
     1>c:\develop\btgui\btgui\opengltruetypefont\stb_image_write.h(495): warning C4996: 'fopen': This function or variable may be unsafe. Consider using fopen_s instead. To disable deprecation, use _CRT_SECURE_NO_WARNINGS. See online help for details.
                 C:\Program Files (x86)\Microsoft Visual Studio 10.0\VC\include\stdio.h(234) : see declaration of 'fopen'
         b3Clock.cpp
         Win32OpenGLWindow.cpp
         Win32Window.cpp
     1>..\..\btgui\OpenGLTrueTypeFont\fontstash.cpp(226): warning C4996: 'fopen': This function or variable may be unsafe. Consider using fopen_s instead. To disable deprecation, use _CRT_SECURE_NO_WARNINGS. See online help for details.
                 C:\Program Files (x86)\Microsoft Visual Studio 10.0\VC\include\stdio.h(234) : see declaration of 'fopen'
     1>..\..\btgui\OpenGLTrueTypeFont\fontstash.cpp(498): warning C4244: '=' : conversion from 'double' to 'float', possible loss of data
     1>..\..\btgui\OpenGLTrueTypeFont\fontstash.cpp(501): warning C4244: '=' : conversion from 'double' to 'float', possible loss of data
     1>..\..\btgui\OpenGLTrueTypeFont\fontstash.cpp(641): warning C4244: 'argument' : conversion from 'int' to 'float', possible loss of data
     1>..\..\btgui\OpenGLTrueTypeFont\fontstash.cpp(641): warning C4244: 'argument' : conversion from 'int' to 'float', possible loss of data
     1>..\..\btgui\OpenGLTrueTypeFont\fontstash.cpp(642): warning C4244: 'argument' : conversion from 'int' to 'float', possible loss of data
     1>..\..\btgui\OpenGLTrueTypeFont\fontstash.cpp(642): warning C4244: 'argument' : conversion from 'int' to 'float', possible loss of data
     1>..\..\btgui\OpenGLTrueTypeFont\fontstash.cpp(643): warning C4244: 'argument' : conversion from 'int' to 'float', possible loss of data
     1>..\..\btgui\OpenGLTrueTypeFont\fontstash.cpp(643): warning C4244: 'argument' : conversion from 'int' to 'float', possible loss of data
     1>..\..\btgui\OpenGLTrueTypeFont\fontstash.cpp(645): warning C4244: 'argument' : conversion from 'int' to 'float', possible loss of data
     1>..\..\btgui\OpenGLTrueTypeFont\fontstash.cpp(645): warning C4244: 'argument' : conversion from 'int' to 'float', possible loss of data
     1>..\..\btgui\OpenGLTrueTypeFont\fontstash.cpp(646): warning C4244: 'argument' : conversion from 'int' to 'float', possible loss of data
     1>..\..\btgui\OpenGLTrueTypeFont\fontstash.cpp(646): warning C4244: 'argument' : conversion from 'int' to 'float', possible loss of data
     1>..\..\btgui\OpenGLTrueTypeFont\fontstash.cpp(647): warning C4244: 'argument' : conversion from 'int' to 'float', possible loss of data
     1>..\..\btgui\OpenGLTrueTypeFont\fontstash.cpp(647): warning C4244: 'argument' : conversion from 'int' to 'float', possible loss of data
     1>..\..\btgui\OpenGLTrueTypeFont\fontstash.cpp(707): warning C4244: 'argument' : conversion from 'int' to 'float', possible loss of data
     1>..\..\btgui\OpenGLTrueTypeFont\fontstash.cpp(707): warning C4244: 'argument' : conversion from 'int' to 'float', possible loss of data
     1>..\..\btgui\OpenGLTrueTypeFont\fontstash.cpp(708): warning C4244: 'argument' : conversion from 'int' to 'float', possible loss of data
     1>..\..\btgui\OpenGLTrueTypeFont\fontstash.cpp(708): warning C4244: 'argument' : conversion from 'int' to 'float', possible loss of data
     1>..\..\btgui\OpenGLTrueTypeFont\fontstash.cpp(709): warning C4244: 'argument' : conversion from 'int' to 'float', possible loss of data
     1>..\..\btgui\OpenGLTrueTypeFont\fontstash.cpp(709): warning C4244: 'argument' : conversion from 'int' to 'float', possible loss of data
     1>..\..\btgui\OpenGLTrueTypeFont\fontstash.cpp(711): warning C4244: 'argument' : conversion from 'int' to 'float', possible loss of data
     1>..\..\btgui\OpenGLTrueTypeFont\fontstash.cpp(711): warning C4244: 'argument' : conversion from 'int' to 'float', possible loss of data
     1>..\..\btgui\OpenGLTrueTypeFont\fontstash.cpp(712): warning C4244: 'argument' : conversion from 'int' to 'float', possible loss of data
     1>..\..\btgui\OpenGLTrueTypeFont\fontstash.cpp(712): warning C4244: 'argument' : conversion from 'int' to 'float', possible loss of data
     1>..\..\btgui\OpenGLTrueTypeFont\fontstash.cpp(713): warning C4244: 'argument' : conversion from 'int' to 'float', possible loss of data
     1>..\..\btgui\OpenGLTrueTypeFont\fontstash.cpp(713): warning C4244: 'argument' : conversion from 'int' to 'float', possible loss of data
     1>..\..\btgui\OpenGLWindow\Win32Window.cpp(176): warning C4244: 'argument' : conversion from 'int' to 'float', possible loss of data
     1>..\..\btgui\OpenGLWindow\Win32Window.cpp(176): warning C4244: 'argument' : conversion from 'int' to 'float', possible loss of data
     1>..\..\btgui\OpenGLWindow\Win32Window.cpp(190): warning C4244: 'argument' : conversion from 'int' to 'float', possible loss of data
     1>..\..\btgui\OpenGLWindow\Win32Window.cpp(190): warning C4244: 'argument' : conversion from 'int' to 'float', possible loss of data
     1>..\..\btgui\OpenGLWindow\Win32Window.cpp(206): warning C4244: 'argument' : conversion from 'int' to 'float', possible loss of data
     1>..\..\btgui\OpenGLWindow\Win32Window.cpp(206): warning C4244: 'argument' : conversion from 'int' to 'float', possible loss of data
     1>..\..\btgui\OpenGLWindow\Win32Window.cpp(223): warning C4244: 'argument' : conversion from 'int' to 'float', possible loss of data
     1>..\..\btgui\OpenGLWindow\Win32Window.cpp(223): warning C4244: 'argument' : conversion from 'int' to 'float', possible loss of data
     1>..\..\btgui\OpenGLWindow\Win32Window.cpp(261): warning C4244: 'argument' : conversion from 'int' to 'float', possible loss of data
     1>..\..\btgui\OpenGLWindow\Win32Window.cpp(261): warning C4244: 'argument' : conversion from 'int' to 'float', possible loss of data
     1>..\..\btgui\OpenGLWindow\Win32Window.cpp(272): warning C4244: 'argument' : conversion from 'int' to 'float', possible loss of data
     1>..\..\btgui\OpenGLWindow\Win32Window.cpp(272): warning C4244: 'argument' : conversion from 'int' to 'float', possible loss of data
     1>..\..\btgui\OpenGLWindow\Win32Window.cpp(283): warning C4244: 'argument' : conversion from 'int' to 'float', possible loss of data
     1>..\..\btgui\OpenGLWindow\Win32Window.cpp(283): warning C4244: 'argument' : conversion from 'int' to 'float', possible loss of data
     1>..\..\btgui\OpenGLWindow\Win32Window.cpp(315): warning C4244: 'argument' : conversion from 'int' to 'float', possible loss of data
     1>..\..\btgui\OpenGLWindow\Win32Window.cpp(315): warning C4244: 'argument' : conversion from 'int' to 'float', possible loss of data
     1>..\..\btgui\OpenGLWindow\Win32Window.cpp(681): warning C4244: 'argument' : conversion from 'int' to 'float', possible loss of data
     1>..\..\btgui\OpenGLWindow\Win32Window.cpp(681): warning C4244: 'argument' : conversion from 'int' to 'float', possible loss of data
       ManifestResourceCompile:
         C:\Program Files (x86)\Microsoft SDKs\Windows\v7.0A\bin\rc.exe /nologo /fo"obj\x32\Debug\App_OpenGLWindow_vs2010_debug.exe.embed.manifest.res" obj\x32\Debug\App_OpenGLWindow_vs2010_debug_manifest.rc 
       Link:
         C:\Program Files (x86)\Microsoft Visual Studio 10.0\VC\bin\link.exe /ERRORREPORT:PROMPT /OUT:"..\..\bin\App_OpenGLWindow_vs2010_debug.exe" /INCREMENTAL /NOLOGO opengl32.lib glu32.lib kernel32.lib user32.lib gdi32.lib winspool.lib comdlg32.lib advapi32.lib shell32.lib ole32.lib oleaut32.lib uuid.lib odbc32.lib odbccp32.lib /MANIFEST /ManifestFile:"obj\x32\Debug\App_OpenGLWindow_vs2010_debug.exe.intermediate.manifest" /MANIFESTUAC:"level='asInvoker' uiAccess='false'" /DEBUG /PDB:"C:\develop\btgui\bin\App_OpenGLWindow_vs2010_debug.pdb" /SUBSYSTEM:CONSOLE /TLBID:1 /ENTRY:"mainCRTStartup" /DYNAMICBASE /NXCOMPAT /IMPLIB:"..\..\bin\App_OpenGLWindow_vs2010_debug.lib" /MACHINE:X86 obj\x32\Debug\App_OpenGLWindow_vs2010_debug.exe.embed.manifest.res
         obj\x32\Debug\glew.obj
         obj\x32\Debug\main.obj
         obj\x32\Debug\SimpleOpenGL3App.obj
         obj\x32\Debug\OpenSans.obj
         obj\x32\Debug\TwFonts.obj
         obj\x32\Debug\LoadShader.obj
         obj\x32\Debug\GLPrimitiveRenderer.obj
         obj\x32\Debug\GLInstancingRenderer.obj
         obj\x32\Debug\GLRenderToTexture.obj
         obj\x32\Debug\fontstash.obj
         obj\x32\Debug\opengl_fontstashcallbacks.obj
         obj\x32\Debug\b3AlignedAllocator.obj
         obj\x32\Debug\b3Logging.obj
         obj\x32\Debug\b3Vector3.obj
         obj\x32\Debug\b3Clock.obj
         obj\x32\Debug\Win32OpenGLWindow.obj
         obj\x32\Debug\Win32Window.obj
       Manifest:
         C:\Program Files (x86)\Microsoft SDKs\Windows\v7.0A\bin\mt.exe /nologo /verbose /out:"obj\x32\Debug\App_OpenGLWindow_vs2010_debug.exe.embed.manifest" /manifest obj\x32\Debug\App_OpenGLWindow_vs2010_debug.exe.intermediate.manifest
         C:\Program Files (x86)\Microsoft SDKs\Windows\v7.0A\bin\rc.exe /nologo /fo"obj\x32\Debug\App_OpenGLWindow_vs2010_debug.exe.embed.manifest.res" obj\x32\Debug\App_OpenGLWindow_vs2010_debug_manifest.rc 
       LinkEmbedManifest:
         C:\Program Files (x86)\Microsoft Visual Studio 10.0\VC\bin\link.exe /ERRORREPORT:PROMPT /OUT:"..\..\bin\App_OpenGLWindow_vs2010_debug.exe" /INCREMENTAL /NOLOGO opengl32.lib glu32.lib kernel32.lib user32.lib gdi32.lib winspool.lib comdlg32.lib advapi32.lib shell32.lib ole32.lib oleaut32.lib uuid.lib odbc32.lib odbccp32.lib /MANIFEST /ManifestFile:"obj\x32\Debug\App_OpenGLWindow_vs2010_debug.exe.intermediate.manifest" /MANIFESTUAC:"level='asInvoker' uiAccess='false'" /DEBUG /PDB:"C:\develop\btgui\bin\App_OpenGLWindow_vs2010_debug.pdb" /SUBSYSTEM:CONSOLE /TLBID:1 /ENTRY:"mainCRTStartup" /DYNAMICBASE /NXCOMPAT /IMPLIB:"..\..\bin\App_OpenGLWindow_vs2010_debug.lib" /MACHINE:X86 obj\x32\Debug\App_OpenGLWindow_vs2010_debug.exe.embed.manifest.res
         obj\x32\Debug\glew.obj
         obj\x32\Debug\main.obj
         obj\x32\Debug\SimpleOpenGL3App.obj
         obj\x32\Debug\OpenSans.obj
         obj\x32\Debug\TwFonts.obj
         obj\x32\Debug\LoadShader.obj
         obj\x32\Debug\GLPrimitiveRenderer.obj
         obj\x32\Debug\GLInstancingRenderer.obj
         obj\x32\Debug\GLRenderToTexture.obj
         obj\x32\Debug\fontstash.obj
         obj\x32\Debug\opengl_fontstashcallbacks.obj
         obj\x32\Debug\b3AlignedAllocator.obj
         obj\x32\Debug\b3Logging.obj
         obj\x32\Debug\b3Vector3.obj
         obj\x32\Debug\b3Clock.obj
         obj\x32\Debug\Win32OpenGLWindow.obj
         obj\x32\Debug\Win32Window.obj
         App_OpenGLWindow.vcxproj -> C:\develop\btgui\build3\vs2010\..\..\bin\App_OpenGLWindow_vs2010_debug.exe
       FinalizeBuildStatus:
         Deleting file "obj\x32\Debug\App_OpenGLWindow.unsuccessfulbuild".
         Touching "obj\x32\Debug\App_OpenGLWindow.lastbuildstate".
     1>Done Building Project "C:\develop\btgui\build3\vs2010\App_OpenGLWindow.vcxproj" (build target(s)).

Build succeeded.

Time Elapsed 00:00:01.85
